# JRE version: Java(TM) SE Runtime Environment (7.0_40-b43) (build 1.7.0_40-b43)
# Java VM: Java HotSpot(TM) 64-Bit Server VM (24.0-b56 mixed mode windows-amd64 compressed oops)
Heap
 PSYoungGen      total 37888K, used 37092K [0x00000007d6080000, 0x00000007d8a80000, 0x0000000800000000)
  eden space 32768K, 97% used [0x00000007d6080000,0x00000007d7fbdfb8,0x00000007d8080000)
  from space 5120K, 99% used [0x00000007d8580000,0x00000007d8a7b288,0x00000007d8a80000)
  to   space 5120K, 0% used [0x00000007d8080000,0x00000007d8080000,0x00000007d8580000)
 ParOldGen       total 85504K, used 1599K [0x0000000782200000, 0x0000000787580000, 0x00000007d6080000)
  object space 85504K, 1% used [0x0000000782200000,0x000000078238fd70,0x0000000787580000)
 PSPermGen       total 21504K, used 12527K [0x000000077d000000, 0x000000077e500000, 0x0000000782200000)
  object space 21504K, 58% used [0x000000077d000000,0x000000077dc3bc88,0x000000077e500000)
GC Heap History (4 events):
Event: 3.357 GC heap before
{Heap before GC invocations=1 (full 0):
 PSYoungGen      total 37888K, used 32768K [0x00000007d6080000, 0x00000007d8a80000, 0x0000000800000000)
  eden space 32768K, 100% used [0x00000007d6080000,0x00000007d8080000,0x00000007d8080000)
  from space 5120K, 0% used [0x00000007d8580000,0x00000007d8580000,0x00000007d8a80000)
  to   space 5120K, 0% used [0x00000007d8080000,0x00000007d8080000,0x00000007d8580000)
 ParOldGen       total 85504K, used 0K [0x0000000782200000, 0x0000000787580000, 0x00000007d6080000)
  object space 85504K, 0% used [0x0000000782200000,0x0000000782200000,0x0000000787580000)
 PSPermGen       total 21504K, used 7414K [0x000000077d000000, 0x000000077e500000, 0x0000000782200000)
  object space 21504K, 34% used [0x000000077d000000,0x000000077d73daa0,0x000000077e500000)
Event: 3.364 GC heap after
Heap after GC invocations=1 (full 0):
 PSYoungGen      total 37888K, used 4716K [0x00000007d6080000, 0x00000007d8a80000, 0x0000000800000000)
  eden space 32768K, 0% used [0x00000007d6080000,0x00000007d6080000,0x00000007d8080000)
  from space 5120K, 92% used [0x00000007d8080000,0x00000007d851b298,0x00000007d8580000)
  to   space 5120K, 0% used [0x00000007d8580000,0x00000007d8580000,0x00000007d8a80000)
 ParOldGen       total 85504K, used 8K [0x0000000782200000, 0x0000000787580000, 0x00000007d6080000)
  object space 85504K, 0% used [0x0000000782200000,0x0000000782202000,0x0000000787580000)
 PSPermGen       total 21504K, used 7414K [0x000000077d000000, 0x000000077e500000, 0x0000000782200000)
  object space 21504K, 34% used [0x000000077d000000,0x000000077d73daa0,0x000000077e500000)
}
Event: 6.761 GC heap before
{Heap before GC invocations=2 (full 0):
 PSYoungGen      total 37888K, used 37484K [0x00000007d6080000, 0x00000007d8a80000, 0x0000000800000000)
  eden space 32768K, 100% used [0x00000007d6080000,0x00000007d8080000,0x00000007d8080000)
  from space 5120K, 92% used [0x00000007d8080000,0x00000007d851b298,0x00000007d8580000)
  to   space 5120K, 0% used [0x00000007d8580000,0x00000007d8580000,0x00000007d8a80000)
 ParOldGen       total 85504K, used 8K [0x0000000782200000, 0x0000000787580000, 0x00000007d6080000)
  object space 85504K, 0% used [0x0000000782200000,0x0000000782202000,0x0000000787580000)
 PSPermGen       total 21504K, used 11935K [0x000000077d000000, 0x000000077e500000, 0x0000000782200000)
  object space 21504K, 55% used [0x000000077d000000,0x000000077dba7d78,0x000000077e500000)
Event: 6.769 GC heap after
Heap after GC invocations=2 (full 0):
 PSYoungGen      total 37888K, used 5100K [0x00000007d6080000, 0x00000007d8a80000, 0x0000000800000000)
  eden space 32768K, 0% used [0x00000007d6080000,0x00000007d6080000,0x00000007d8080000)
  from space 5120K, 99% used [0x00000007d8580000,0x00000007d8a7b288,0x00000007d8a80000)
  to   space 5120K, 0% used [0x00000007d8080000,0x00000007d8080000,0x00000007d8580000)
 ParOldGen       total 85504K, used 1599K [0x0000000782200000, 0x0000000787580000, 0x00000007d6080000)
  object space 85504K, 1% used [0x0000000782200000,0x000000078238fd70,0x0000000787580000)
 PSPermGen       total 21504K, used 11935K [0x000000077d000000, 0x000000077e500000, 0x0000000782200000)
  object space 21504K, 55% used [0x000000077d000000,0x000000077dba7d78,0x000000077e500000)
}

